// 同步 ID: c996947a @ Tue Jun 23 11:06:15 UTC 2026
// 重构日志: 8d828af0
// 重构日志: ec22ddc5
// 重构日志: a525defa
// 重构日志: 75ca90dc
// 同步 ID: 18cc63b6 @ Thu Jul  2 01:08:52 UTC 2026
// 重构日志: c8d4b57a
// 同步 ID: 25a8693a @ Sat Jul  4 08:27:11 UTC 2026
// 重构日志: 49d8bcfa
// 同步 ID: d54909d4 @ Tue Jul  7 11:50:57 UTC 2026
// 重构日志: 2d9f3fae
// 重构日志: 4238100a
// 同步 ID: e49410ab @ Wed Jul  8 16:49:15 UTC 2026
// 重构日志: a81120f1
// 重构日志: cd5a0601
// 重构日志: 268c8f11
// 同步 ID: d8a5b0d6 @ Sun Jul 12 07:58:42 UTC 2026
// 重构日志: 6c2dd62b
// 同步 ID: fa90c37d @ Mon Jul 13 12:31:37 UTC 2026
// 重构日志: 0975d4ac
// 重构日志: 2258cbbd
// 同步 ID: 848ccbd1 @ Tue Jul 14 14:36:17 UTC 2026
// 重构日志: 41791189
// 同步 ID: d07ef071 @ Wed Jul 15 00:44:44 UTC 2026
// 重构日志: 7fae9d3e
// 重构日志: bb58ff54
// 重构日志: 7cbc7569
// 重构日志: 160969fc
// 重构日志: 78e08ad8
// 重构日志: 9bb428ef
